<?xml version="1.0" encoding="UTF-8"?>
<testng-results ignored="0" total="1" passed="1" failed="0" skipped="0">
  <reporter-output>
  </reporter-output>
  <suite started-at="2022-02-03T11:50:40 IST" name="Default suite" finished-at="2022-02-03T11:50:41 IST" duration-ms="1310">
    <groups>
    </groups>
    <test started-at="2022-02-03T11:50:40 IST" name="Default test" finished-at="2022-02-03T11:50:41 IST" duration-ms="1310">
      <class name="JDBC_pract.ExecuteUpdateTest">
        <test-method signature="executeUpdateTest()[pri:0, instance:JDBC_pract.ExecuteUpdateTest@26275bef]" started-at="2022-02-03T11:50:40 IST" name="executeUpdateTest" finished-at="2022-02-03T11:50:41 IST" duration-ms="1232" status="PASS">
          <reporter-output>
          </reporter-output>
        </test-method> <!-- executeUpdateTest -->
      </class> <!-- JDBC_pract.ExecuteUpdateTest -->
    </test> <!-- Default test -->
  </suite> <!-- Default suite -->
</testng-results>
